빌드 시작: 2018-08-04 오후 3:29:49
     1>2 노드의 "C:\Users\Koo\documents\visual studio 2013\Projects\Algo_Baekjoon\Algo_Baekjoon\Algo_Baekjoon.vcxproj" 프로젝트(Build 대상)입니다.
     1>ClCompile:
         C:\Program Files (x86)\Microsoft Visual Studio 12.0\VC\bin\CL.exe /c /ZI /nologo /W3 /WX- /sdl /Od /Oy- /D WIN32 /D _DEBUG /D _CONSOLE /D _LIB /D _UNICODE /D UNICODE /Gm /EHsc /RTC1 /MDd /GS /fp:precise /Zc:wchar_t /Zc:forScope /Fo"Debug\\" /Fd"Debug\vc120.pdb" /Gd /TP /analyze- /errorReport:prompt 10942.cpp
         10942.cpp
       Link:
         C:\Program Files (x86)\Microsoft Visual Studio 12.0\VC\bin\link.exe /ERRORREPORT:PROMPT /OUT:"C:\Users\Koo\documents\visual studio 2013\Projects\Algo_Baekjoon\Debug\Algo_Baekjoon.exe" /INCREMENTAL /NOLOGO kernel32.lib user32.lib gdi32.lib winspool.lib comdlg32.lib advapi32.lib shell32.lib ole32.lib oleaut32.lib uuid.lib odbc32.lib odbccp32.lib /MANIFEST /MANIFESTUAC:"level='asInvoker' uiAccess='false'" /manifest:embed /DEBUG /PDB:"C:\Users\Koo\documents\visual studio 2013\Projects\Algo_Baekjoon\Debug\Algo_Baekjoon.pdb" /SUBSYSTEM:CONSOLE /TLBID:1 /DYNAMICBASE /NXCOMPAT /IMPLIB:"C:\Users\Koo\documents\visual studio 2013\Projects\Algo_Baekjoon\Debug\Algo_Baekjoon.lib" /MACHINE:X86 Debug\10942.obj
         Debug\11048.obj
         Debug\2225.obj
         Debug\9095.obj
         Debug\1699.obj
         Debug\1463.obj
         Debug\2579.obj
         Debug\1149.obj
         Debug\2193.obj
         Debug\1003.obj
         Algo_Baekjoon.vcxproj -> C:\Users\Koo\documents\visual studio 2013\Projects\Algo_Baekjoon\Debug\Algo_Baekjoon.exe
     1>"C:\Users\Koo\documents\visual studio 2013\Projects\Algo_Baekjoon\Algo_Baekjoon\Algo_Baekjoon.vcxproj" 프로젝트를 빌드했습니다(Build 대상).

빌드했습니다.

경과 시간: 00:00:01.19
